<?xml version="1.0" encoding="UTF-8"?>
<!-- Generated by org.testng.reporters.JUnitXMLReporter -->
<testsuite ignored="0" hostname="DESKTOP-M0E3QT7" failures="0" tests="4" name="Default test" time="8.902" errors="0" timestamp="2023-06-28T17:14:40 IST">
  <testcase classname="tests.UserTestsPropertyFile" name="createUserMain" time="4.44"/>
  <testcase classname="tests.UserTestsPropertyFile" name="getUserMain" time="1.345"/>
  <testcase classname="tests.UserTestsPropertyFile" name="updateUserMain" time="1.308"/>
  <testcase classname="tests.UserTestsPropertyFile" name="deleteUserMain" time="1.416"/>
</testsuite> <!-- Default test -->
