<?xml version="1.0" encoding="UTF-8"?>
<!-- Generated by org.testng.reporters.JUnitXMLReporter -->
<testsuite ignored="0" hostname="DESKTOP-M0E3QT7" failures="0" tests="4" name="Test" time="8.588" errors="0" timestamp="2023-06-28T17:26:03 IST">
  <testcase classname="tests.UserTestsPropertyFile" name="createUserMain" time="4.098"/>
  <testcase classname="tests.UserTestsPropertyFile" name="getUserMain" time="1.341"/>
  <testcase classname="tests.UserTestsPropertyFile" name="updateUserMain" time="1.315"/>
  <testcase classname="tests.UserTestsPropertyFile" name="deleteUserMain" time="1.302"/>
</testsuite> <!-- Test -->
