<?xml version="1.0" encoding="UTF-8"?>
<testng-results ignored="0" total="4" passed="4" failed="0" skipped="0">
  <reporter-output>
  </reporter-output>
  <suite started-at="2023-06-28T17:25:54 IST" name="Suite" finished-at="2023-06-28T17:26:03 IST" duration-ms="8588">
    <groups>
    </groups>
    <test started-at="2023-06-28T17:25:54 IST" name="Test" finished-at="2023-06-28T17:26:03 IST" duration-ms="8588">
      <class name="tests.UserTestsPropertyFile">
        <test-method is-config="true" signature="setUp()[pri:0, instance:tests.UserTestsPropertyFile@3b6ddd1d]" started-at="2023-06-28T17:25:55 IST" name="setUp" finished-at="2023-06-28T17:25:55 IST" duration-ms="450" status="PASS">
          <reporter-output>
          </reporter-output>
        </test-method> <!-- setUp -->
        <test-method signature="createUserMain()[pri:1, instance:tests.UserTestsPropertyFile@3b6ddd1d]" started-at="2023-06-28T17:25:55 IST" name="createUserMain" finished-at="2023-06-28T17:25:59 IST" duration-ms="4098" status="PASS">
          <reporter-output>
          </reporter-output>
        </test-method> <!-- createUserMain -->
        <test-method signature="getUserMain()[pri:2, instance:tests.UserTestsPropertyFile@3b6ddd1d]" started-at="2023-06-28T17:25:59 IST" name="getUserMain" finished-at="2023-06-28T17:26:00 IST" duration-ms="1341" status="PASS">
          <reporter-output>
          </reporter-output>
        </test-method> <!-- getUserMain -->
        <test-method signature="updateUserMain()[pri:3, instance:tests.UserTestsPropertyFile@3b6ddd1d]" started-at="2023-06-28T17:26:00 IST" name="updateUserMain" finished-at="2023-06-28T17:26:02 IST" duration-ms="1315" status="PASS">
          <reporter-output>
          </reporter-output>
        </test-method> <!-- updateUserMain -->
        <test-method signature="deleteUserMain()[pri:4, instance:tests.UserTestsPropertyFile@3b6ddd1d]" started-at="2023-06-28T17:26:02 IST" name="deleteUserMain" finished-at="2023-06-28T17:26:03 IST" duration-ms="1302" status="PASS">
          <reporter-output>
          </reporter-output>
        </test-method> <!-- deleteUserMain -->
      </class> <!-- tests.UserTestsPropertyFile -->
    </test> <!-- Test -->
  </suite> <!-- Suite -->
</testng-results>
